<?xml version="1.0" encoding="UTF-8"?>
<testng-results ignored="0" total="1" passed="1" failed="0" skipped="0">
  <reporter-output>
  </reporter-output>
  <suite started-at="2023-12-26T20:40:20 IST" name="Default suite" finished-at="2023-12-26T20:40:21 IST" duration-ms="1062">
    <groups>
    </groups>
    <test started-at="2023-12-26T20:40:20 IST" name="Default test" finished-at="2023-12-26T20:40:21 IST" duration-ms="1062">
      <class name="com.test.ApplicationUnderTest">
        <test-method is-config="true" signature="reportSetup()[pri:0, instance:com.test.ApplicationUnderTest@16eb3ea3]" started-at="2023-12-26T20:40:20 IST" name="reportSetup" finished-at="2023-12-26T20:40:21 IST" duration-ms="328" status="PASS">
          <reporter-output>
          </reporter-output>
        </test-method> <!-- reportSetup -->
        <test-method signature="meht()[pri:0, instance:com.test.ApplicationUnderTest@16eb3ea3]" started-at="2023-12-26T20:40:21 IST" name="meht" finished-at="2023-12-26T20:40:21 IST" duration-ms="669" status="PASS">
          <reporter-output>
          </reporter-output>
        </test-method> <!-- meht -->
      </class> <!-- com.test.ApplicationUnderTest -->
    </test> <!-- Default test -->
  </suite> <!-- Default suite -->
</testng-results>
